<?xml version="1.0" encoding="UTF-8"?>
<!-- Generated by org.testng.reporters.JUnitReportReporter -->
<testsuite hostname="Nilmie" failures="0" tests="1" name="Employee.Post" time="0.516" errors="0" timestamp="2020-12-24T19:03:11 IST" skipped="0">
  <testcase classname="Employee.Post" name="shouldReturnStatusAccepted" time="0.516"/>
  <system-out/>
</testsuite> <!-- Employee.Post -->
