<?xml version="1.0" encoding="UTF-8"?>
<!-- Generated by org.testng.reporters.JUnitReportReporter -->
<testsuite hostname="Nilmie" failures="0" tests="1" name="Employee.Get" time="0.489" errors="0" timestamp="2020-12-24T19:00:23 IST" skipped="0">
  <testcase classname="Employee.Get" name="shouldReturnStatusOkay" time="0.489"/>
  <system-out/>
</testsuite> <!-- Employee.Get -->
