<?xml version="1.0" encoding="UTF-8"?>
<!-- Generated by org.testng.reporters.JUnitReportReporter -->
<testsuite hostname="Nilmie" failures="0" tests="1" name="Employee.Delete" time="0.534" errors="0" timestamp="2020-12-24T19:06:06 IST" skipped="0">
  <testcase classname="Employee.Delete" name="shouldReturnStatusAccepted" time="0.534"/>
  <system-out/>
</testsuite> <!-- Employee.Delete -->
