<?xml version="1.0" encoding="UTF-8"?>
<!-- Generated by org.testng.reporters.JUnitReportReporter -->
<testsuite hostname="Nilmie" failures="0" tests="1" name="Employee.Put" time="0.549" errors="0" timestamp="2020-12-24T19:08:28 IST" skipped="0">
  <testcase classname="Employee.Put" name="shouldReturnStatusAccepted" time="0.549"/>
  <system-out/>
</testsuite> <!-- Employee.Put -->
